<?xml version="1.0" encoding="utf-8"?><testsuites name="pytest tests"><testsuite name="pytest" errors="0" failures="0" skipped="0" tests="13" time="5.813" timestamp="2026-05-12T11:07:50.518506+00:00" hostname="agent-env-44c62e7b-7c67-4d30-884a-728cb510b55c"><testcase classname="backend.tests.test_deferred_endpoints.TestVoiceSTT" name="test_stt_requires_auth" time="0.235" /><testcase classname="backend.tests.test_deferred_endpoints.TestVoiceSTT" name="test_stt_no_file_returns_422" time="0.335" /><testcase classname="backend.tests.test_deferred_endpoints.TestVoiceSTT" name="test_stt_happy_path_returns_text" time="2.107" /><testcase classname="backend.tests.test_deferred_endpoints.TestVoiceSTT" name="test_stt_non_audio_returns_500" time="0.048" /><testcase classname="backend.tests.test_deferred_endpoints.TestVoiceSTT" name="test_stt_oversize_returns_400" time="0.893" /><testcase classname="backend.tests.test_deferred_endpoints.TestResumeParse" name="test_resume_requires_auth" time="0.080" /><testcase classname="backend.tests.test_deferred_endpoints.TestResumeParse" name="test_resume_happy_path" time="1.513" /><testcase classname="backend.tests.test_deferred_endpoints.TestResumeParse" name="test_resume_non_pdf_returns_500" time="0.055" /><testcase classname="backend.tests.test_deferred_endpoints.TestOnboarding" name="test_onboarding_requires_auth" time="0.049" /><testcase classname="backend.tests.test_deferred_endpoints.TestOnboarding" name="test_onboarding_saves_and_returns_user" time="0.107" /><testcase classname="backend.tests.test_deferred_endpoints.TestSessionReportPDF" name="test_report_pdf_requires_auth" time="0.098" /><testcase classname="backend.tests.test_deferred_endpoints.TestSessionReportPDF" name="test_report_pdf_404_for_nonexistent" time="0.048" /><testcase classname="backend.tests.test_deferred_endpoints.TestSessionReportPDF" name="test_report_pdf_happy_path" time="0.154" /></testsuite></testsuites>