<?xml version="1.0" encoding="utf-8"?><testsuites name="pytest tests"><testsuite name="pytest" errors="0" failures="0" skipped="0" tests="31" time="10.656" timestamp="2026-05-12T10:59:13.848931+00:00" hostname="agent-env-44c62e7b-7c67-4d30-884a-728cb510b55c"><testcase classname="backend.tests.test_mitharva_backend.TestHealth" name="test_health" time="0.252" /><testcase classname="backend.tests.test_mitharva_backend.TestHealth" name="test_root" time="0.049" /><testcase classname="backend.tests.test_mitharva_backend.TestAuth" name="test_login_demo" time="0.273" /><testcase classname="backend.tests.test_mitharva_backend.TestAuth" name="test_login_wrong_password" time="0.270" /><testcase classname="backend.tests.test_mitharva_backend.TestAuth" name="test_signup_and_login" time="0.651" /><testcase classname="backend.tests.test_mitharva_backend.TestAuth" name="test_me_with_valid_token" time="0.317" /><testcase classname="backend.tests.test_mitharva_backend.TestAuth" name="test_me_without_token" time="0.046" /><testcase classname="backend.tests.test_mitharva_backend.TestAuth" name="test_me_invalid_token" time="0.047" /><testcase classname="backend.tests.test_mitharva_backend.TestProfile" name="test_update_profile" time="0.094" /><testcase classname="backend.tests.test_mitharva_backend.TestProfile" name="test_profile_requires_auth" time="0.051" /><testcase classname="backend.tests.test_mitharva_backend.TestSessions" name="test_list_sessions_seeded" time="0.050" /><testcase classname="backend.tests.test_mitharva_backend.TestSessions" name="test_create_session" time="0.047" /><testcase classname="backend.tests.test_mitharva_backend.TestSessions" name="test_get_single_session" time="0.045" /><testcase classname="backend.tests.test_mitharva_backend.TestSessions" name="test_get_session_404" time="0.047" /><testcase classname="backend.tests.test_mitharva_backend.TestSessions" name="test_sessions_requires_auth" time="0.045" /><testcase classname="backend.tests.test_mitharva_backend.TestSessions" name="test_session_turn_llm" time="2.237" /><testcase classname="backend.tests.test_mitharva_backend.TestSessions" name="test_session_turn_invalid_session" time="0.048" /><testcase classname="backend.tests.test_mitharva_backend.TestSessions" name="test_complete_session" time="0.144" /><testcase classname="backend.tests.test_mitharva_backend.TestQuestions" name="test_questions_all" time="0.046" /><testcase classname="backend.tests.test_mitharva_backend.TestQuestions" name="test_questions_upsc" time="0.046" /><testcase classname="backend.tests.test_mitharva_backend.TestQuestions" name="test_questions_banking" time="0.045" /><testcase classname="backend.tests.test_mitharva_backend.TestPracticeFeedback" name="test_practice_feedback" time="2.635" /><testcase classname="backend.tests.test_mitharva_backend.TestPracticeFeedback" name="test_practice_feedback_requires_auth" time="0.048" /><testcase classname="backend.tests.test_mitharva_backend.TestCurrentAffairs" name="test_list_current_affairs" time="0.049" /><testcase classname="backend.tests.test_mitharva_backend.TestCurrentAffairs" name="test_news_questions_generation" time="2.390" /><testcase classname="backend.tests.test_mitharva_backend.TestSubscription" name="test_mock_pay_invalid_plan" time="0.048" /><testcase classname="backend.tests.test_mitharva_backend.TestSubscription" name="test_mock_pay_pro" time="0.117" /><testcase classname="backend.tests.test_mitharva_backend.TestSubscription" name="test_billing_history" time="0.063" /><testcase classname="backend.tests.test_mitharva_backend.TestSubscription" name="test_mock_pay_requires_auth" time="0.048" /><testcase classname="backend.tests.test_mitharva_backend.TestDashboard" name="test_dashboard_stats" time="0.049" /><testcase classname="backend.tests.test_mitharva_backend.TestDashboard" name="test_dashboard_requires_auth" time="0.049" /></testsuite></testsuites>