<?xml version="1.0" encoding="utf-8"?><testsuites name="pytest tests"><testsuite name="pytest" errors="0" failures="0" skipped="0" tests="44" time="14.434" timestamp="2026-05-12T11:08:01.324002+00:00" hostname="agent-env-44c62e7b-7c67-4d30-884a-728cb510b55c"><testcase classname="backend.tests.test_deferred_endpoints.TestVoiceSTT" name="test_stt_requires_auth" time="0.145" /><testcase classname="backend.tests.test_deferred_endpoints.TestVoiceSTT" name="test_stt_no_file_returns_422" time="0.326" /><testcase classname="backend.tests.test_deferred_endpoints.TestVoiceSTT" name="test_stt_happy_path_returns_text" time="1.051" /><testcase classname="backend.tests.test_deferred_endpoints.TestVoiceSTT" name="test_stt_non_audio_returns_500" time="0.061" /><testcase classname="backend.tests.test_deferred_endpoints.TestVoiceSTT" name="test_stt_oversize_returns_400" time="1.472" /><testcase classname="backend.tests.test_deferred_endpoints.TestResumeParse" name="test_resume_requires_auth" time="0.076" /><testcase classname="backend.tests.test_deferred_endpoints.TestResumeParse" name="test_resume_happy_path" time="1.639" /><testcase classname="backend.tests.test_deferred_endpoints.TestResumeParse" name="test_resume_non_pdf_returns_500" time="0.061" /><testcase classname="backend.tests.test_deferred_endpoints.TestOnboarding" name="test_onboarding_requires_auth" time="0.049" /><testcase classname="backend.tests.test_deferred_endpoints.TestOnboarding" name="test_onboarding_saves_and_returns_user" time="0.112" /><testcase classname="backend.tests.test_deferred_endpoints.TestSessionReportPDF" name="test_report_pdf_requires_auth" time="0.112" /><testcase classname="backend.tests.test_deferred_endpoints.TestSessionReportPDF" name="test_report_pdf_404_for_nonexistent" time="0.070" /><testcase classname="backend.tests.test_deferred_endpoints.TestSessionReportPDF" name="test_report_pdf_happy_path" time="0.077" /><testcase classname="backend.tests.test_mitharva_backend.TestHealth" name="test_health" time="0.125" /><testcase classname="backend.tests.test_mitharva_backend.TestHealth" name="test_root" time="0.041" /><testcase classname="backend.tests.test_mitharva_backend.TestAuth" name="test_login_demo" time="0.275" /><testcase classname="backend.tests.test_mitharva_backend.TestAuth" name="test_login_wrong_password" time="0.279" /><testcase classname="backend.tests.test_mitharva_backend.TestAuth" name="test_signup_and_login" time="0.601" /><testcase classname="backend.tests.test_mitharva_backend.TestAuth" name="test_me_with_valid_token" time="0.320" /><testcase classname="backend.tests.test_mitharva_backend.TestAuth" name="test_me_without_token" time="0.043" /><testcase classname="backend.tests.test_mitharva_backend.TestAuth" name="test_me_invalid_token" time="0.042" /><testcase classname="backend.tests.test_mitharva_backend.TestProfile" name="test_update_profile" time="0.095" /><testcase classname="backend.tests.test_mitharva_backend.TestProfile" name="test_profile_requires_auth" time="0.044" /><testcase classname="backend.tests.test_mitharva_backend.TestSessions" name="test_list_sessions_seeded" time="0.051" /><testcase classname="backend.tests.test_mitharva_backend.TestSessions" name="test_create_session" time="0.049" /><testcase classname="backend.tests.test_mitharva_backend.TestSessions" name="test_get_single_session" time="0.044" /><testcase classname="backend.tests.test_mitharva_backend.TestSessions" name="test_get_session_404" time="0.053" /><testcase classname="backend.tests.test_mitharva_backend.TestSessions" name="test_sessions_requires_auth" time="0.042" /><testcase classname="backend.tests.test_mitharva_backend.TestSessions" name="test_session_turn_llm" time="1.585" /><testcase classname="backend.tests.test_mitharva_backend.TestSessions" name="test_session_turn_invalid_session" time="0.045" /><testcase classname="backend.tests.test_mitharva_backend.TestSessions" name="test_complete_session" time="0.137" /><testcase classname="backend.tests.test_mitharva_backend.TestQuestions" name="test_questions_all" time="0.053" /><testcase classname="backend.tests.test_mitharva_backend.TestQuestions" name="test_questions_upsc" time="0.052" /><testcase classname="backend.tests.test_mitharva_backend.TestQuestions" name="test_questions_banking" time="0.041" /><testcase classname="backend.tests.test_mitharva_backend.TestPracticeFeedback" name="test_practice_feedback" time="2.598" /><testcase classname="backend.tests.test_mitharva_backend.TestPracticeFeedback" name="test_practice_feedback_requires_auth" time="0.052" /><testcase classname="backend.tests.test_mitharva_backend.TestCurrentAffairs" name="test_list_current_affairs" time="0.045" /><testcase classname="backend.tests.test_mitharva_backend.TestCurrentAffairs" name="test_news_questions_generation" time="2.034" /><testcase classname="backend.tests.test_mitharva_backend.TestSubscription" name="test_mock_pay_invalid_plan" time="0.044" /><testcase classname="backend.tests.test_mitharva_backend.TestSubscription" name="test_mock_pay_pro" time="0.086" /><testcase classname="backend.tests.test_mitharva_backend.TestSubscription" name="test_billing_history" time="0.045" /><testcase classname="backend.tests.test_mitharva_backend.TestSubscription" name="test_mock_pay_requires_auth" time="0.044" /><testcase classname="backend.tests.test_mitharva_backend.TestDashboard" name="test_dashboard_stats" time="0.049" /><testcase classname="backend.tests.test_mitharva_backend.TestDashboard" name="test_dashboard_requires_auth" time="0.082" /></testsuite></testsuites>